ERROR - 2022-01-12 23:47:58 --> Error connecting to the database: Access denied for user '****'@'localhost' (using password: YES)
CRITICAL - 2022-01-12 23:47:58 --> Unable to connect to the database.
Main connection [MySQLi]: Access denied for user '****'@'localhost' (using password: YES)
#0 C:\xampp\htdocs\tugasci4\system\Database\BaseConnection.php(570): CodeIgniter\Database\BaseConnection->initialize()
#1 C:\xampp\htdocs\tugasci4\system\Database\BaseBuilder.php(1428): CodeIgniter\Database\BaseConnection->query('SELECT *\nFROM `...', Array, false)
#2 C:\xampp\htdocs\tugasci4\system\Model.php(183): CodeIgniter\Database\BaseBuilder->get()
#3 C:\xampp\htdocs\tugasci4\system\BaseModel.php(584): CodeIgniter\Model->doFindAll(0, 0)
#4 C:\xampp\htdocs\tugasci4\app\Controllers\suratmasuk.php(14): CodeIgniter\BaseModel->findAll()
#5 C:\xampp\htdocs\tugasci4\system\CodeIgniter.php(802): App\Controllers\SuratMasuk->index()
#6 C:\xampp\htdocs\tugasci4\system\CodeIgniter.php(399): CodeIgniter\CodeIgniter->runController(Object(App\Controllers\SuratMasuk))
#7 C:\xampp\htdocs\tugasci4\system\CodeIgniter.php(317): CodeIgniter\CodeIgniter->handleRequest(NULL, Object(Config\Cache), false)
#8 C:\xampp\htdocs\tugasci4\index.php(37): CodeIgniter\CodeIgniter->run()
#9 {main}
ERROR - 2022-01-12 23:49:22 --> Table 'suratmasuk.inputsurat' doesn't exist
CRITICAL - 2022-01-12 23:49:22 --> Table 'suratmasuk.inputsurat' doesn't exist
#0 C:\xampp\htdocs\tugasci4\system\Database\MySQLi\Connection.php(280): mysqli->query('SELECT *\nFROM `...')
#1 C:\xampp\htdocs\tugasci4\system\Database\BaseConnection.php(663): CodeIgniter\Database\MySQLi\Connection->execute('SELECT *\nFROM `...')
#2 C:\xampp\htdocs\tugasci4\system\Database\BaseConnection.php(591): CodeIgniter\Database\BaseConnection->simpleQuery('SELECT *\nFROM `...')
#3 C:\xampp\htdocs\tugasci4\system\Database\BaseBuilder.php(1428): CodeIgniter\Database\BaseConnection->query('SELECT *\nFROM `...', Array, false)
#4 C:\xampp\htdocs\tugasci4\system\Model.php(183): CodeIgniter\Database\BaseBuilder->get()
#5 C:\xampp\htdocs\tugasci4\system\BaseModel.php(584): CodeIgniter\Model->doFindAll(0, 0)
#6 C:\xampp\htdocs\tugasci4\app\Controllers\suratmasuk.php(14): CodeIgniter\BaseModel->findAll()
#7 C:\xampp\htdocs\tugasci4\system\CodeIgniter.php(802): App\Controllers\SuratMasuk->index()
#8 C:\xampp\htdocs\tugasci4\system\CodeIgniter.php(399): CodeIgniter\CodeIgniter->runController(Object(App\Controllers\SuratMasuk))
#9 C:\xampp\htdocs\tugasci4\system\CodeIgniter.php(317): CodeIgniter\CodeIgniter->handleRequest(NULL, Object(Config\Cache), false)
#10 C:\xampp\htdocs\tugasci4\index.php(37): CodeIgniter\CodeIgniter->run()
#11 {main}
